[2020-09-08 18:54:24.810][INFO][][][:][:][][][main|o.s.b.t.c.SpringBootTestContextBootstrapper||] - Neither @ContextConfiguration nor @ContextHierarchy found for test class [com.qianbao.ipos.IPOSApplicationTests], using SpringBootContextLoader
[2020-09-08 18:54:24.872][INFO][][][:][:][][][main|o.s.t.c.s.AbstractContextLoader||] - Could not detect default resource locations for test class [com.qianbao.ipos.IPOSApplicationTests]: no resource found for suffixes {-context.xml, Context.groovy}.
[2020-09-08 18:54:24.872][INFO][][][:][:][][][main|o.s.t.c.s.AnnotationConfigContextLoaderUtils||] - Could not detect default configuration classes for test class [com.qianbao.ipos.IPOSApplicationTests]: IPOSApplicationTests does not declare any static, non-private, non-final, nested classes annotated with @Configuration.
[2020-09-08 18:54:25.247][INFO][][][:][:][][][main|o.s.b.t.c.SpringBootTestContextBootstrapper||] - Found @SpringBootConfiguration com.qianbao.ipos.IPOSApplication for test class com.qianbao.ipos.IPOSApplicationTests
[2020-09-08 18:54:25.574][INFO][][][:][:][][][main|o.s.b.t.c.SpringBootTestContextBootstrapper||] - Loaded default TestExecutionListener class names from location [META-INF/spring.factories]: [org.springframework.boot.test.mock.mockito.MockitoTestExecutionListener, org.springframework.boot.test.mock.mockito.ResetMocksTestExecutionListener, org.springframework.boot.test.autoconfigure.restdocs.RestDocsTestExecutionListener, org.springframework.boot.test.autoconfigure.web.client.MockRestServiceServerResetTestExecutionListener, org.springframework.boot.test.autoconfigure.web.servlet.MockMvcPrintOnlyOnFailureTestExecutionListener, org.springframework.boot.test.autoconfigure.web.servlet.WebDriverTestExecutionListener, org.springframework.test.context.web.ServletTestExecutionListener, org.springframework.test.context.support.DirtiesContextBeforeModesTestExecutionListener, org.springframework.test.context.support.DependencyInjectionTestExecutionListener, org.springframework.test.context.support.DirtiesContextTestExecutionListener, org.springframework.test.context.transaction.TransactionalTestExecutionListener, org.springframework.test.context.jdbc.SqlScriptsTestExecutionListener]
[2020-09-08 18:54:25.637][INFO][][][:][:][][][main|o.s.b.t.c.SpringBootTestContextBootstrapper||] - Using TestExecutionListeners: [org.springframework.test.context.web.ServletTestExecutionListener@491b9b8, org.springframework.test.context.support.DirtiesContextBeforeModesTestExecutionListener@1a4927d6, org.springframework.boot.test.mock.mockito.MockitoTestExecutionListener@7a6d7e92, org.springframework.boot.test.autoconfigure.SpringBootDependencyInjectionTestExecutionListener@aba625, org.springframework.test.context.support.DirtiesContextTestExecutionListener@97e93f1, org.springframework.boot.test.mock.mockito.ResetMocksTestExecutionListener@5a5a729f, org.springframework.boot.test.autoconfigure.restdocs.RestDocsTestExecutionListener@4b520ea8, org.springframework.boot.test.autoconfigure.web.client.MockRestServiceServerResetTestExecutionListener@16150369, org.springframework.boot.test.autoconfigure.web.servlet.MockMvcPrintOnlyOnFailureTestExecutionListener@6b09fb41, org.springframework.boot.test.autoconfigure.web.servlet.WebDriverTestExecutionListener@624ea235]
[2020-09-08 18:54:26.620][INFO][][][:][:][][][main|c.q.i.IPOSApplicationTests||] - Starting IPOSApplicationTests on HDB-PC201603021 with PID 9220 (started by mayun in D:\workspaceIDEA\iPOS_Test)
[2020-09-08 18:54:26.620][DEBUG][][][:][:][][][main|c.q.i.IPOSApplicationTests||] - Running with Spring Boot v2.0.1.RELEASE, Spring v5.0.5.RELEASE
[2020-09-08 18:54:26.620][INFO][][][:][:][][][main|c.q.i.IPOSApplicationTests||] - No active profile set, falling back to default profiles: default
[2020-09-08 18:54:26.901][INFO][][][:][:][][][main|o.s.w.c.s.GenericWebApplicationContext||] - Refreshing org.springframework.web.context.support.GenericWebApplicationContext@3406472c: startup date [Tue Sep 08 18:54:26 CST 2020]; root of context hierarchy
[2020-09-08 18:54:32.719][INFO][][][:][:][][][main|o.s.w.s.h.SimpleUrlHandlerMapping||] - Mapped URL path [/**/favicon.ico] onto handler of type [class org.springframework.web.servlet.resource.ResourceHttpRequestHandler]
[2020-09-08 18:54:33.312][INFO][][][:][:][][][main|o.s.w.s.m.m.a.RequestMappingHandlerAdapter||] - Looking for @ControllerAdvice: org.springframework.web.context.support.GenericWebApplicationContext@3406472c: startup date [Tue Sep 08 18:54:26 CST 2020]; root of context hierarchy
[2020-09-08 18:54:33.702][INFO][][][:][:][][][main|o.s.w.s.m.m.a.RequestMappingHandlerMapping||] - Mapped "{[/pxPay],methods=[POST]}" onto public java.lang.String com.qianbao.ipos.controller.Auth_TestController.PxPay(com.qianbao.ipos.bean.PxPay)
[2020-09-08 18:54:33.702][INFO][][][:][:][][][main|o.s.w.s.m.m.a.RequestMappingHandlerMapping||] - Mapped "{[/auth],methods=[POST]}" onto public java.lang.String com.qianbao.ipos.controller.AuthController.Auth_apply_confirm(com.qianbao.ipos.bean.PxPay)
[2020-09-08 18:54:33.702][INFO][][][:][:][][][main|o.s.w.s.m.m.a.RequestMappingHandlerMapping||] - Mapped "{[/encryptOrDecrypt],methods=[POST]}" onto public java.lang.String com.qianbao.ipos.controller.EncryptOrDecryptController.EncryptOrDecrypt(com.qianbao.ipos.bean.EncryptOrDecrypt) throws java.lang.Exception
[2020-09-08 18:54:33.718][INFO][][][:][:][][][main|o.s.w.s.m.m.a.RequestMappingHandlerMapping||] - Mapped "{[/push],methods=[GET]}" onto public java.lang.String com.qianbao.ipos.controller.IndexController.push()
[2020-09-08 18:54:33.718][INFO][][][:][:][][][main|o.s.w.s.m.m.a.RequestMappingHandlerMapping||] - Mapped "{[/encryptOrDecrypt.html],methods=[GET]}" onto public java.lang.String com.qianbao.ipos.controller.IndexController.encryptOrDecrypt()
[2020-09-08 18:54:33.718][INFO][][][:][:][][][main|o.s.w.s.m.m.a.RequestMappingHandlerMapping||] - Mapped "{[/auth],methods=[GET]}" onto public java.lang.String com.qianbao.ipos.controller.IndexController.auth()
[2020-09-08 18:54:33.718][INFO][][][:][:][][][main|o.s.w.s.m.m.a.RequestMappingHandlerMapping||] - Mapped "{[/refund],methods=[GET]}" onto public java.lang.String com.qianbao.ipos.controller.IndexController.refund()
[2020-09-08 18:54:33.718][INFO][][][:][:][][][main|o.s.w.s.m.m.a.RequestMappingHandlerMapping||] - Mapped "{[/interfaceTool],methods=[GET]}" onto public java.lang.String com.qianbao.ipos.controller.IndexController.interfaceTool()
[2020-09-08 18:54:33.718][INFO][][][:][:][][][main|o.s.w.s.m.m.a.RequestMappingHandlerMapping||] - Mapped "{[/interfaceTool],methods=[POST]}" onto public java.lang.String com.qianbao.ipos.controller.InterfaceToolController.InterfaceSend(com.qianbao.ipos.bean.InterfaceTool) throws java.lang.Exception
[2020-09-08 18:54:33.733][INFO][][][:][:][][][main|o.s.w.s.m.m.a.RequestMappingHandlerMapping||] - Mapped "{[/push],methods=[POST]}" onto public java.lang.String com.qianbao.ipos.controller.PushController.PushTerminalNo(com.qianbao.ipos.bean.Push)
[2020-09-08 18:54:33.733][INFO][][][:][:][][][main|o.s.w.s.m.m.a.RequestMappingHandlerMapping||] - Mapped "{[/refund],methods=[POST]}" onto public java.lang.String com.qianbao.ipos.controller.RefundController.Refund(com.qianbao.ipos.bean.Refund)
[2020-09-08 18:54:33.733][INFO][][][:][:][][][main|o.s.w.s.m.m.a.RequestMappingHandlerMapping||] - Mapped "{[/error]}" onto public org.springframework.http.ResponseEntity<java.util.Map<java.lang.String, java.lang.Object>> org.springframework.boot.autoconfigure.web.servlet.error.BasicErrorController.error(javax.servlet.http.HttpServletRequest)
[2020-09-08 18:54:33.889][INFO][][][:][:][][][main|o.s.w.s.m.m.a.RequestMappingHandlerMapping||] - Mapped "{[/error],produces=[text/html]}" onto public org.springframework.web.servlet.ModelAndView org.springframework.boot.autoconfigure.web.servlet.error.BasicErrorController.errorHtml(javax.servlet.http.HttpServletRequest,javax.servlet.http.HttpServletResponse)
[2020-09-08 18:54:33.936][INFO][][][:][:][][][main|o.s.w.s.h.SimpleUrlHandlerMapping||] - Mapped URL path [/webjars/**] onto handler of type [class org.springframework.web.servlet.resource.ResourceHttpRequestHandler]
[2020-09-08 18:54:33.936][INFO][][][:][:][][][main|o.s.w.s.h.SimpleUrlHandlerMapping||] - Mapped URL path [/**] onto handler of type [class org.springframework.web.servlet.resource.ResourceHttpRequestHandler]
[2020-09-08 18:54:34.311][INFO][][][:][:][][][main|o.s.b.a.w.s.WelcomePageHandlerMapping||] - Adding welcome page template: index
[2020-09-08 18:54:35.995][INFO][][][:][:][][][main|c.q.i.IPOSApplicationTests||] - Started IPOSApplicationTests in 10.28 seconds (JVM running for 15.962)
[2020-09-08 18:54:36.370][INFO][][][:][:][][][Thread-2|o.s.w.c.s.GenericWebApplicationContext||] - Closing org.springframework.web.context.support.GenericWebApplicationContext@3406472c: startup date [Tue Sep 08 18:54:26 CST 2020]; root of context hierarchy
[2020-09-08 18:55:04.243][INFO][][][:][:][][][main|o.s.b.t.c.SpringBootTestContextBootstrapper||] - Neither @ContextConfiguration nor @ContextHierarchy found for test class [com.qianbao.ipos.IPOSApplicationTests], using SpringBootContextLoader
[2020-09-08 18:55:04.243][INFO][][][:][:][][][main|o.s.t.c.s.AbstractContextLoader||] - Could not detect default resource locations for test class [com.qianbao.ipos.IPOSApplicationTests]: no resource found for suffixes {-context.xml, Context.groovy}.
[2020-09-08 18:55:04.243][INFO][][][:][:][][][main|o.s.t.c.s.AnnotationConfigContextLoaderUtils||] - Could not detect default configuration classes for test class [com.qianbao.ipos.IPOSApplicationTests]: IPOSApplicationTests does not declare any static, non-private, non-final, nested classes annotated with @Configuration.
[2020-09-08 18:55:04.393][INFO][][][:][:][][][main|o.s.b.t.c.SpringBootTestContextBootstrapper||] - Found @SpringBootConfiguration com.qianbao.ipos.IPOSApplication for test class com.qianbao.ipos.IPOSApplicationTests
[2020-09-08 18:55:04.596][INFO][][][:][:][][][main|o.s.b.t.c.SpringBootTestContextBootstrapper||] - Loaded default TestExecutionListener class names from location [META-INF/spring.factories]: [org.springframework.boot.test.mock.mockito.MockitoTestExecutionListener, org.springframework.boot.test.mock.mockito.ResetMocksTestExecutionListener, org.springframework.boot.test.autoconfigure.restdocs.RestDocsTestExecutionListener, org.springframework.boot.test.autoconfigure.web.client.MockRestServiceServerResetTestExecutionListener, org.springframework.boot.test.autoconfigure.web.servlet.MockMvcPrintOnlyOnFailureTestExecutionListener, org.springframework.boot.test.autoconfigure.web.servlet.WebDriverTestExecutionListener, org.springframework.test.context.web.ServletTestExecutionListener, org.springframework.test.context.support.DirtiesContextBeforeModesTestExecutionListener, org.springframework.test.context.support.DependencyInjectionTestExecutionListener, org.springframework.test.context.support.DirtiesContextTestExecutionListener, org.springframework.test.context.transaction.TransactionalTestExecutionListener, org.springframework.test.context.jdbc.SqlScriptsTestExecutionListener]
[2020-09-08 18:55:04.627][INFO][][][:][:][][][main|o.s.b.t.c.SpringBootTestContextBootstrapper||] - Using TestExecutionListeners: [org.springframework.test.context.web.ServletTestExecutionListener@c05fddc, org.springframework.test.context.support.DirtiesContextBeforeModesTestExecutionListener@25df00a0, org.springframework.boot.test.mock.mockito.MockitoTestExecutionListener@4d15107f, org.springframework.boot.test.autoconfigure.SpringBootDependencyInjectionTestExecutionListener@7b4c50bc, org.springframework.test.context.support.DirtiesContextTestExecutionListener@5884a914, org.springframework.boot.test.mock.mockito.ResetMocksTestExecutionListener@50378a4, org.springframework.boot.test.autoconfigure.restdocs.RestDocsTestExecutionListener@60f00693, org.springframework.boot.test.autoconfigure.web.client.MockRestServiceServerResetTestExecutionListener@79207381, org.springframework.boot.test.autoconfigure.web.servlet.MockMvcPrintOnlyOnFailureTestExecutionListener@491b9b8, org.springframework.boot.test.autoconfigure.web.servlet.WebDriverTestExecutionListener@1a4927d6]
[2020-09-08 18:55:05.282][INFO][][][:][:][][][main|c.q.i.IPOSApplicationTests||] - Starting IPOSApplicationTests on HDB-PC201603021 with PID 7436 (started by mayun in D:\workspaceIDEA\iPOS_Test)
[2020-09-08 18:55:05.284][DEBUG][][][:][:][][][main|c.q.i.IPOSApplicationTests||] - Running with Spring Boot v2.0.1.RELEASE, Spring v5.0.5.RELEASE
[2020-09-08 18:55:05.285][INFO][][][:][:][][][main|c.q.i.IPOSApplicationTests||] - No active profile set, falling back to default profiles: default
[2020-09-08 18:55:05.389][INFO][][][:][:][][][main|o.s.w.c.s.GenericWebApplicationContext||] - Refreshing org.springframework.web.context.support.GenericWebApplicationContext@c7045b9: startup date [Tue Sep 08 18:55:05 CST 2020]; root of context hierarchy
[2020-09-08 18:55:08.781][INFO][][][:][:][][][main|o.s.w.s.h.SimpleUrlHandlerMapping||] - Mapped URL path [/**/favicon.ico] onto handler of type [class org.springframework.web.servlet.resource.ResourceHttpRequestHandler]
[2020-09-08 18:55:09.279][INFO][][][:][:][][][main|o.s.w.s.m.m.a.RequestMappingHandlerAdapter||] - Looking for @ControllerAdvice: org.springframework.web.context.support.GenericWebApplicationContext@c7045b9: startup date [Tue Sep 08 18:55:05 CST 2020]; root of context hierarchy
[2020-09-08 18:55:09.515][INFO][][][:][:][][][main|o.s.w.s.m.m.a.RequestMappingHandlerMapping||] - Mapped "{[/pxPay],methods=[POST]}" onto public java.lang.String com.qianbao.ipos.controller.Auth_TestController.PxPay(com.qianbao.ipos.bean.PxPay)
[2020-09-08 18:55:09.519][INFO][][][:][:][][][main|o.s.w.s.m.m.a.RequestMappingHandlerMapping||] - Mapped "{[/auth],methods=[POST]}" onto public java.lang.String com.qianbao.ipos.controller.AuthController.Auth_apply_confirm(com.qianbao.ipos.bean.PxPay)
[2020-09-08 18:55:09.521][INFO][][][:][:][][][main|o.s.w.s.m.m.a.RequestMappingHandlerMapping||] - Mapped "{[/encryptOrDecrypt],methods=[POST]}" onto public java.lang.String com.qianbao.ipos.controller.EncryptOrDecryptController.EncryptOrDecrypt(com.qianbao.ipos.bean.EncryptOrDecrypt) throws java.lang.Exception
[2020-09-08 18:55:09.538][INFO][][][:][:][][][main|o.s.w.s.m.m.a.RequestMappingHandlerMapping||] - Mapped "{[/push],methods=[GET]}" onto public java.lang.String com.qianbao.ipos.controller.IndexController.push()
[2020-09-08 18:55:09.539][INFO][][][:][:][][][main|o.s.w.s.m.m.a.RequestMappingHandlerMapping||] - Mapped "{[/encryptOrDecrypt.html],methods=[GET]}" onto public java.lang.String com.qianbao.ipos.controller.IndexController.encryptOrDecrypt()
[2020-09-08 18:55:09.540][INFO][][][:][:][][][main|o.s.w.s.m.m.a.RequestMappingHandlerMapping||] - Mapped "{[/auth],methods=[GET]}" onto public java.lang.String com.qianbao.ipos.controller.IndexController.auth()
[2020-09-08 18:55:09.542][INFO][][][:][:][][][main|o.s.w.s.m.m.a.RequestMappingHandlerMapping||] - Mapped "{[/refund],methods=[GET]}" onto public java.lang.String com.qianbao.ipos.controller.IndexController.refund()
[2020-09-08 18:55:09.543][INFO][][][:][:][][][main|o.s.w.s.m.m.a.RequestMappingHandlerMapping||] - Mapped "{[/interfaceTool],methods=[GET]}" onto public java.lang.String com.qianbao.ipos.controller.IndexController.interfaceTool()
[2020-09-08 18:55:09.547][INFO][][][:][:][][][main|o.s.w.s.m.m.a.RequestMappingHandlerMapping||] - Mapped "{[/interfaceTool],methods=[POST]}" onto public java.lang.String com.qianbao.ipos.controller.InterfaceToolController.InterfaceSend(com.qianbao.ipos.bean.InterfaceTool) throws java.lang.Exception
[2020-09-08 18:55:09.552][INFO][][][:][:][][][main|o.s.w.s.m.m.a.RequestMappingHandlerMapping||] - Mapped "{[/push],methods=[POST]}" onto public java.lang.String com.qianbao.ipos.controller.PushController.PushTerminalNo(com.qianbao.ipos.bean.Push)
[2020-09-08 18:55:09.554][INFO][][][:][:][][][main|o.s.w.s.m.m.a.RequestMappingHandlerMapping||] - Mapped "{[/refund],methods=[POST]}" onto public java.lang.String com.qianbao.ipos.controller.RefundController.Refund(com.qianbao.ipos.bean.Refund)
[2020-09-08 18:55:09.559][INFO][][][:][:][][][main|o.s.w.s.m.m.a.RequestMappingHandlerMapping||] - Mapped "{[/error]}" onto public org.springframework.http.ResponseEntity<java.util.Map<java.lang.String, java.lang.Object>> org.springframework.boot.autoconfigure.web.servlet.error.BasicErrorController.error(javax.servlet.http.HttpServletRequest)
[2020-09-08 18:55:09.574][INFO][][][:][:][][][main|o.s.w.s.m.m.a.RequestMappingHandlerMapping||] - Mapped "{[/error],produces=[text/html]}" onto public org.springframework.web.servlet.ModelAndView org.springframework.boot.autoconfigure.web.servlet.error.BasicErrorController.errorHtml(javax.servlet.http.HttpServletRequest,javax.servlet.http.HttpServletResponse)
[2020-09-08 18:55:10.171][INFO][][][:][:][][][main|o.s.w.s.h.SimpleUrlHandlerMapping||] - Mapped URL path [/webjars/**] onto handler of type [class org.springframework.web.servlet.resource.ResourceHttpRequestHandler]
[2020-09-08 18:55:10.171][INFO][][][:][:][][][main|o.s.w.s.h.SimpleUrlHandlerMapping||] - Mapped URL path [/**] onto handler of type [class org.springframework.web.servlet.resource.ResourceHttpRequestHandler]
[2020-09-08 18:55:11.226][INFO][][][:][:][][][main|o.s.b.a.w.s.WelcomePageHandlerMapping||] - Adding welcome page template: index
[2020-09-08 18:55:13.064][INFO][][][:][:][][][main|c.q.i.IPOSApplicationTests||] - Started IPOSApplicationTests in 8.358 seconds (JVM running for 10.71)
[2020-09-08 18:55:13.375][INFO][][][:][:][][][Thread-2|o.s.w.c.s.GenericWebApplicationContext||] - Closing org.springframework.web.context.support.GenericWebApplicationContext@c7045b9: startup date [Tue Sep 08 18:55:05 CST 2020]; root of context hierarchy
[2020-09-08 18:56:14.237][INFO][][][:][:][][][main|c.q.i.IPOSApplication||] - Starting IPOSApplication on HDB-PC201603021 with PID 2396 (D:\workspaceIDEA\iPOS_Test\target\classes started by mayun in D:\workspaceIDEA\iPOS_Test)
[2020-09-08 18:56:14.237][DEBUG][][][:][:][][][main|c.q.i.IPOSApplication||] - Running with Spring Boot v2.0.1.RELEASE, Spring v5.0.5.RELEASE
[2020-09-08 18:56:14.237][INFO][][][:][:][][][main|c.q.i.IPOSApplication||] - No active profile set, falling back to default profiles: default
[2020-09-08 18:56:14.284][INFO][][][:][:][][][main|o.s.b.w.s.c.AnnotationConfigServletWebServerApplicationContext||] - Refreshing org.springframework.boot.web.servlet.context.AnnotationConfigServletWebServerApplicationContext@5b94b04d: startup date [Tue Sep 08 18:56:14 CST 2020]; root of context hierarchy
[2020-09-08 18:56:15.485][INFO][][][:][:][][][main|o.s.b.w.e.t.TomcatWebServer||] - Tomcat initialized with port(s): 8080 (http)
[2020-09-08 18:56:15.517][INFO][][][:][:][][][main|o.a.c.h.Http11NioProtocol||] - Initializing ProtocolHandler ["http-nio-8080"]
[2020-09-08 18:56:15.517][INFO][][][:][:][][][main|o.a.c.c.StandardService||] - Starting service [Tomcat]
[2020-09-08 18:56:15.532][INFO][][][:][:][][][main|o.a.c.c.StandardEngine||] - Starting Servlet Engine: Apache Tomcat/8.5.29
[2020-09-08 18:56:15.532][INFO][][][:][:][][][localhost-startStop-1|o.a.c.c.AprLifecycleListener||] - The APR based Apache Tomcat Native library which allows optimal performance in production environments was not found on the java.library.path: [D:\Java\jdk1.8.0_31\bin;C:\Windows\Sun\Java\bin;C:\Windows\system32;C:\Windows;C:\Windows\System32;D:\Java\jdk1.8.0_31/bin;D:\Java\jdk1.8.0_31/jre/bin;D:\adt-bundle-windows-x86_64-20140624\sdk\platform-tools;C:\Windows\system32;C:\Windows;C:\Windows\System32\Wbem;D:\apache-maven-3.2.3\bin;D:\Program Files\TortoiseGit\bin;D:\Program Files\Git\cmd;D:\Python37-32\Scripts;;D:\Program Files\Microsoft VS Code\bin;.]
[2020-09-08 18:56:15.688][INFO][][][:][:][][][localhost-startStop-1|o.a.c.c.C.[.[.[/]||] - Initializing Spring embedded WebApplicationContext
[2020-09-08 18:56:15.688][INFO][][][:][:][][][localhost-startStop-1|o.s.w.c.ContextLoader||] - Root WebApplicationContext: initialization completed in 1404 ms
[2020-09-08 18:56:15.829][INFO][][][:][:][][][localhost-startStop-1|o.s.b.w.s.ServletRegistrationBean||] - Servlet dispatcherServlet mapped to [/]
[2020-09-08 18:56:15.829][INFO][][][:][:][][][localhost-startStop-1|o.s.b.w.s.FilterRegistrationBean||] - Mapping filter: 'characterEncodingFilter' to: [/*]
[2020-09-08 18:56:15.829][INFO][][][:][:][][][localhost-startStop-1|o.s.b.w.s.FilterRegistrationBean||] - Mapping filter: 'hiddenHttpMethodFilter' to: [/*]
[2020-09-08 18:56:15.829][INFO][][][:][:][][][localhost-startStop-1|o.s.b.w.s.FilterRegistrationBean||] - Mapping filter: 'httpPutFormContentFilter' to: [/*]
[2020-09-08 18:56:15.829][INFO][][][:][:][][][localhost-startStop-1|o.s.b.w.s.FilterRegistrationBean||] - Mapping filter: 'requestContextFilter' to: [/*]
[2020-09-08 18:56:16.000][INFO][][][:][:][][][main|o.s.w.s.h.SimpleUrlHandlerMapping||] - Mapped URL path [/**/favicon.ico] onto handler of type [class org.springframework.web.servlet.resource.ResourceHttpRequestHandler]
[2020-09-08 18:56:16.203][INFO][][][:][:][][][main|o.s.w.s.m.m.a.RequestMappingHandlerAdapter||] - Looking for @ControllerAdvice: org.springframework.boot.web.servlet.context.AnnotationConfigServletWebServerApplicationContext@5b94b04d: startup date [Tue Sep 08 18:56:14 CST 2020]; root of context hierarchy
[2020-09-08 18:56:16.265][INFO][][][:][:][][][main|o.s.w.s.m.m.a.RequestMappingHandlerMapping||] - Mapped "{[/pxPay],methods=[POST]}" onto public java.lang.String com.qianbao.ipos.controller.Auth_TestController.PxPay(com.qianbao.ipos.bean.PxPay)
[2020-09-08 18:56:16.265][INFO][][][:][:][][][main|o.s.w.s.m.m.a.RequestMappingHandlerMapping||] - Mapped "{[/auth],methods=[POST]}" onto public java.lang.String com.qianbao.ipos.controller.AuthController.Auth_apply_confirm(com.qianbao.ipos.bean.PxPay)
[2020-09-08 18:56:16.265][INFO][][][:][:][][][main|o.s.w.s.m.m.a.RequestMappingHandlerMapping||] - Mapped "{[/encryptOrDecrypt],methods=[POST]}" onto public java.lang.String com.qianbao.ipos.controller.EncryptOrDecryptController.EncryptOrDecrypt(com.qianbao.ipos.bean.EncryptOrDecrypt) throws java.lang.Exception
[2020-09-08 18:56:16.265][INFO][][][:][:][][][main|o.s.w.s.m.m.a.RequestMappingHandlerMapping||] - Mapped "{[/push],methods=[GET]}" onto public java.lang.String com.qianbao.ipos.controller.IndexController.push()
[2020-09-08 18:56:16.265][INFO][][][:][:][][][main|o.s.w.s.m.m.a.RequestMappingHandlerMapping||] - Mapped "{[/encryptOrDecrypt.html],methods=[GET]}" onto public java.lang.String com.qianbao.ipos.controller.IndexController.encryptOrDecrypt()
[2020-09-08 18:56:16.265][INFO][][][:][:][][][main|o.s.w.s.m.m.a.RequestMappingHandlerMapping||] - Mapped "{[/auth],methods=[GET]}" onto public java.lang.String com.qianbao.ipos.controller.IndexController.auth()
[2020-09-08 18:56:16.265][INFO][][][:][:][][][main|o.s.w.s.m.m.a.RequestMappingHandlerMapping||] - Mapped "{[/refund],methods=[GET]}" onto public java.lang.String com.qianbao.ipos.controller.IndexController.refund()
[2020-09-08 18:56:16.265][INFO][][][:][:][][][main|o.s.w.s.m.m.a.RequestMappingHandlerMapping||] - Mapped "{[/interfaceTool],methods=[GET]}" onto public java.lang.String com.qianbao.ipos.controller.IndexController.interfaceTool()
[2020-09-08 18:56:16.265][INFO][][][:][:][][][main|o.s.w.s.m.m.a.RequestMappingHandlerMapping||] - Mapped "{[/interfaceTool],methods=[POST]}" onto public java.lang.String com.qianbao.ipos.controller.InterfaceToolController.InterfaceSend(com.qianbao.ipos.bean.InterfaceTool) throws java.lang.Exception
[2020-09-08 18:56:16.265][INFO][][][:][:][][][main|o.s.w.s.m.m.a.RequestMappingHandlerMapping||] - Mapped "{[/push],methods=[POST]}" onto public java.lang.String com.qianbao.ipos.controller.PushController.PushTerminalNo(com.qianbao.ipos.bean.Push)
[2020-09-08 18:56:16.265][INFO][][][:][:][][][main|o.s.w.s.m.m.a.RequestMappingHandlerMapping||] - Mapped "{[/refund],methods=[POST]}" onto public java.lang.String com.qianbao.ipos.controller.RefundController.Refund(com.qianbao.ipos.bean.Refund)
[2020-09-08 18:56:16.281][INFO][][][:][:][][][main|o.s.w.s.m.m.a.RequestMappingHandlerMapping||] - Mapped "{[/error]}" onto public org.springframework.http.ResponseEntity<java.util.Map<java.lang.String, java.lang.Object>> org.springframework.boot.autoconfigure.web.servlet.error.BasicErrorController.error(javax.servlet.http.HttpServletRequest)
[2020-09-08 18:56:16.281][INFO][][][:][:][][][main|o.s.w.s.m.m.a.RequestMappingHandlerMapping||] - Mapped "{[/error],produces=[text/html]}" onto public org.springframework.web.servlet.ModelAndView org.springframework.boot.autoconfigure.web.servlet.error.BasicErrorController.errorHtml(javax.servlet.http.HttpServletRequest,javax.servlet.http.HttpServletResponse)
[2020-09-08 18:56:16.297][INFO][][][:][:][][][main|o.s.w.s.h.SimpleUrlHandlerMapping||] - Mapped URL path [/webjars/**] onto handler of type [class org.springframework.web.servlet.resource.ResourceHttpRequestHandler]
[2020-09-08 18:56:16.297][INFO][][][:][:][][][main|o.s.w.s.h.SimpleUrlHandlerMapping||] - Mapped URL path [/**] onto handler of type [class org.springframework.web.servlet.resource.ResourceHttpRequestHandler]
[2020-09-08 18:56:16.421][INFO][][][:][:][][][main|o.s.b.a.w.s.WelcomePageHandlerMapping||] - Adding welcome page template: index
[2020-09-08 18:56:16.546][INFO][][][:][:][][][main|o.s.j.e.a.AnnotationMBeanExporter||] - Registering beans for JMX exposure on startup
[2020-09-08 18:56:16.577][INFO][][][:][:][][][main|o.a.c.h.Http11NioProtocol||] - Starting ProtocolHandler ["http-nio-8080"]
[2020-09-08 18:56:16.593][INFO][][][:][:][][][main|o.a.t.u.n.NioSelectorPool||] - Using a shared selector for servlet write/read
[2020-09-08 18:56:16.624][INFO][][][:][:][][][main|o.s.b.w.e.t.TomcatWebServer||] - Tomcat started on port(s): 8080 (http) with context path ''
[2020-09-08 18:56:16.624][INFO][][][:][:][][][main|c.q.i.IPOSApplication||] - Started IPOSApplication in 2.87 seconds (JVM running for 9.657)
[2020-09-08 19:00:41.185][INFO][][][:][:][][][http-nio-8080-exec-1|o.a.c.c.C.[.[.[/]||] - Initializing Spring FrameworkServlet 'dispatcherServlet'
[2020-09-08 19:00:41.185][INFO][][][:][:][][][http-nio-8080-exec-1|o.s.w.s.DispatcherServlet||] - FrameworkServlet 'dispatcherServlet': initialization started
[2020-09-08 19:00:41.232][INFO][][][:][:][][][http-nio-8080-exec-1|o.s.w.s.DispatcherServlet||] - FrameworkServlet 'dispatcherServlet': initialization completed in 47 ms
